# JRE version: OpenJDK Runtime Environment (8.0_242-b01) (build 1.8.0_242-release-1644-b01)
# Java VM: OpenJDK 64-Bit Server VM (25.242-b01 mixed mode windows-amd64 compressed oops)
Heap:
 PSYoungGen      total 541696K, used 250811K [0x00000000d5580000, 0x00000000fff80000, 0x0000000100000000)
  eden space 485376K, 50% used [0x00000000d5580000,0x00000000e46a2cc0,0x00000000f2f80000)
  from space 56320K, 6% used [0x00000000f2f80000,0x00000000f334c010,0x00000000f6680000)
  to   space 57344K, 0% used [0x00000000fc780000,0x00000000fc780000,0x00000000fff80000)
 ParOldGen       total 207360K, used 73136K [0x0000000080000000, 0x000000008ca80000, 0x00000000d5580000)
  object space 207360K, 35% used [0x0000000080000000,0x000000008476c220,0x000000008ca80000)
 Metaspace       used 94900K, capacity 99160K, committed 99736K, reserved 1136640K
  class space    used 12285K, capacity 13121K, committed 13232K, reserved 1048576K
GC Heap History (10 events):
Event: 252.516 GC heap before
{Heap before GC invocations=21 (full 3):
 PSYoungGen      total 392704K, used 370632K [0x00000000d5580000, 0x00000000f5a00000, 0x0000000100000000)
  eden space 333824K, 100% used [0x00000000d5580000,0x00000000e9b80000,0x00000000e9b80000)
  from space 58880K, 62% used [0x00000000e9b80000,0x00000000ebf72048,0x00000000ed500000)
  to   space 60416K, 0% used [0x00000000f1f00000,0x00000000f1f00000,0x00000000f5a00000)
 ParOldGen       total 151040K, used 76565K [0x0000000080000000, 0x0000000089380000, 0x00000000d5580000)
  object space 151040K, 50% used [0x0000000080000000,0x0000000084ac5520,0x0000000089380000)
 Metaspace       used 92071K, capacity 96598K, committed 96920K, reserved 1132544K
  class space    used 12004K, capacity 12850K, committed 12976K, reserved 1048576K
Event: 252.840 GC heap after
Heap after GC invocations=21 (full 3):
 PSYoungGen      total 465408K, used 40360K [0x00000000d5580000, 0x00000000f5b00000, 0x0000000100000000)
  eden space 404992K, 0% used [0x00000000d5580000,0x00000000d5580000,0x00000000ee100000)
  from space 60416K, 66% used [0x00000000f1f00000,0x00000000f466a2f0,0x00000000f5a00000)
  to   space 62464K, 0% used [0x00000000ee100000,0x00000000ee100000,0x00000000f1e00000)
 ParOldGen       total 151040K, used 95349K [0x0000000080000000, 0x0000000089380000, 0x00000000d5580000)
  object space 151040K, 63% used [0x0000000080000000,0x0000000085d1d480,0x0000000089380000)
 Metaspace       used 92071K, capacity 96598K, committed 96920K, reserved 1132544K
  class space    used 12004K, capacity 12850K, committed 12976K, reserved 1048576K
}
Event: 269.755 GC heap before
{Heap before GC invocations=22 (full 3):
 PSYoungGen      total 465408K, used 445352K [0x00000000d5580000, 0x00000000f5b00000, 0x0000000100000000)
  eden space 404992K, 100% used [0x00000000d5580000,0x00000000ee100000,0x00000000ee100000)
  from space 60416K, 66% used [0x00000000f1f00000,0x00000000f466a2f0,0x00000000f5a00000)
  to   space 62464K, 0% used [0x00000000ee100000,0x00000000ee100000,0x00000000f1e00000)
 ParOldGen       total 151040K, used 95792K [0x0000000080000000, 0x0000000089380000, 0x00000000d5580000)
  object space 151040K, 63% used [0x0000000080000000,0x0000000085d8c160,0x0000000089380000)
 Metaspace       used 93979K, capacity 98566K, committed 98600K, reserved 1134592K
  class space    used 12227K, capacity 13076K, committed 13104K, reserved 1048576K
Event: 269.898 GC heap after
Heap after GC invocations=22 (full 3):
 PSYoungGen      total 467456K, used 26785K [0x00000000d5580000, 0x00000000fa000000, 0x0000000100000000)
  eden space 404992K, 0% used [0x00000000d5580000,0x00000000d5580000,0x00000000ee100000)
  from space 62464K, 42% used [0x00000000ee100000,0x00000000efb285a0,0x00000000f1e00000)
  to   space 58880K, 0% used [0x00000000f6680000,0x00000000f6680000,0x00000000fa000000)
 ParOldGen       total 151040K, used 103420K [0x0000000080000000, 0x0000000089380000, 0x00000000d5580000)
  object space 151040K, 68% used [0x0000000080000000,0x00000000864ff1b8,0x0000000089380000)
 Metaspace       used 93979K, capacity 98566K, committed 98600K, reserved 1134592K
  class space    used 12227K, capacity 13076K, committed 13104K, reserved 1048576K
}
Event: 270.019 GC heap before
{Heap before GC invocations=23 (full 3):
 PSYoungGen      total 467456K, used 34320K [0x00000000d5580000, 0x00000000fa000000, 0x0000000100000000)
  eden space 404992K, 1% used [0x00000000d5580000,0x00000000d5cdbab0,0x00000000ee100000)
  from space 62464K, 42% used [0x00000000ee100000,0x00000000efb285a0,0x00000000f1e00000)
  to   space 58880K, 0% used [0x00000000f6680000,0x00000000f6680000,0x00000000fa000000)
 ParOldGen       total 151040K, used 103420K [0x0000000080000000, 0x0000000089380000, 0x00000000d5580000)
  object space 151040K, 68% used [0x0000000080000000,0x00000000864ff1b8,0x0000000089380000)
 Metaspace       used 93983K, capacity 98568K, committed 98600K, reserved 1134592K
  class space    used 12228K, capacity 13077K, committed 13104K, reserved 1048576K
Event: 270.172 GC heap after
Heap after GC invocations=23 (full 3):
 PSYoungGen      total 544256K, used 21869K [0x00000000d5580000, 0x00000000fd480000, 0x0000000100000000)
  eden space 485376K, 0% used [0x00000000d5580000,0x00000000d5580000,0x00000000f2f80000)
  from space 58880K, 37% used [0x00000000f6680000,0x00000000f7bdb7c0,0x00000000fa000000)
  to   space 56320K, 0% used [0x00000000f2f80000,0x00000000f2f80000,0x00000000f6680000)
 ParOldGen       total 151040K, used 105216K [0x0000000080000000, 0x0000000089380000, 0x00000000d5580000)
  object space 151040K, 69% used [0x0000000080000000,0x00000000866c01c8,0x0000000089380000)
 Metaspace       used 93983K, capacity 98568K, committed 98600K, reserved 1134592K
  class space    used 12228K, capacity 13077K, committed 13104K, reserved 1048576K
}
Event: 270.172 GC heap before
{Heap before GC invocations=24 (full 4):
 PSYoungGen      total 544256K, used 21869K [0x00000000d5580000, 0x00000000fd480000, 0x0000000100000000)
  eden space 485376K, 0% used [0x00000000d5580000,0x00000000d5580000,0x00000000f2f80000)
  from space 58880K, 37% used [0x00000000f6680000,0x00000000f7bdb7c0,0x00000000fa000000)
  to   space 56320K, 0% used [0x00000000f2f80000,0x00000000f2f80000,0x00000000f6680000)
 ParOldGen       total 151040K, used 105216K [0x0000000080000000, 0x0000000089380000, 0x00000000d5580000)
  object space 151040K, 69% used [0x0000000080000000,0x00000000866c01c8,0x0000000089380000)
 Metaspace       used 93983K, capacity 98568K, committed 98600K, reserved 1134592K
  class space    used 12228K, capacity 13077K, committed 13104K, reserved 1048576K
Event: 271.789 GC heap after
Heap after GC invocations=24 (full 4):
 PSYoungGen      total 544256K, used 0K [0x00000000d5580000, 0x00000000fd480000, 0x0000000100000000)
  eden space 485376K, 0% used [0x00000000d5580000,0x00000000d5580000,0x00000000f2f80000)
  from space 58880K, 0% used [0x00000000f6680000,0x00000000f6680000,0x00000000fa000000)
  to   space 56320K, 0% used [0x00000000f2f80000,0x00000000f2f80000,0x00000000f6680000)
 ParOldGen       total 207360K, used 73126K [0x0000000080000000, 0x000000008ca80000, 0x00000000d5580000)
  object space 207360K, 35% used [0x0000000080000000,0x0000000084769858,0x000000008ca80000)
 Metaspace       used 93803K, capacity 98058K, committed 98600K, reserved 1134592K
  class space    used 12170K, capacity 12978K, committed 13104K, reserved 1048576K
}
Event: 295.952 GC heap before
{Heap before GC invocations=25 (full 4):
 PSYoungGen      total 544256K, used 485376K [0x00000000d5580000, 0x00000000fd480000, 0x0000000100000000)
  eden space 485376K, 100% used [0x00000000d5580000,0x00000000f2f80000,0x00000000f2f80000)
  from space 58880K, 0% used [0x00000000f6680000,0x00000000f6680000,0x00000000fa000000)
  to   space 56320K, 0% used [0x00000000f2f80000,0x00000000f2f80000,0x00000000f6680000)
 ParOldGen       total 207360K, used 73128K [0x0000000080000000, 0x000000008ca80000, 0x00000000d5580000)
  object space 207360K, 35% used [0x0000000080000000,0x000000008476a220,0x000000008ca80000)
 Metaspace       used 94038K, capacity 98342K, committed 98984K, reserved 1134592K
  class space    used 12190K, capacity 13046K, committed 13232K, reserved 1048576K
Event: 296.208 GC heap after
Heap after GC invocations=25 (full 4):
 PSYoungGen      total 541696K, used 3888K [0x00000000d5580000, 0x00000000fff80000, 0x0000000100000000)
  eden space 485376K, 0% used [0x00000000d5580000,0x00000000d5580000,0x00000000f2f80000)
  from space 56320K, 6% used [0x00000000f2f80000,0x00000000f334c010,0x00000000f6680000)
  to   space 57344K, 0% used [0x00000000fc780000,0x00000000fc780000,0x00000000fff80000)
 ParOldGen       total 207360K, used 73136K [0x0000000080000000, 0x000000008ca80000, 0x00000000d5580000)
  object space 207360K, 35% used [0x0000000080000000,0x000000008476c220,0x000000008ca80000)
 Metaspace       used 94038K, capacity 98342K, committed 98984K, reserved 1134592K
  class space    used 12190K, capacity 13046K, committed 13232K, reserved 1048576K
}

