# JRE version: OpenJDK Runtime Environment (8.0_242-b01) (build 1.8.0_242-release-1644-b01)
# Java VM: OpenJDK 64-Bit Server VM (25.242-b01 mixed mode windows-amd64 compressed oops)
Heap:
 PSYoungGen      total 522752K, used 379221K [0x00000000d5580000, 0x00000000f8380000, 0x0000000100000000)
  eden space 498688K, 76% used [0x00000000d5580000,0x00000000ec7d5440,0x00000000f3c80000)
  from space 24064K, 0% used [0x00000000f6300000,0x00000000f6300000,0x00000000f7a80000)
  to   space 36352K, 0% used [0x00000000f3c80000,0x00000000f3c80000,0x00000000f6000000)
 ParOldGen       total 148992K, used 82228K [0x0000000080000000, 0x0000000089180000, 0x00000000d5580000)
  object space 148992K, 55% used [0x0000000080000000,0x000000008504d250,0x0000000089180000)
 Metaspace       used 103495K, capacity 108454K, committed 108720K, reserved 1142784K
  class space    used 13521K, capacity 14479K, committed 14512K, reserved 1048576K
GC Heap History (10 events):
Event: 92.600 GC heap before
{Heap before GC invocations=14 (full 3):
 PSYoungGen      total 295424K, used 14905K [0x00000000d5580000, 0x00000000ef380000, 0x0000000100000000)
  eden space 279040K, 0% used [0x00000000d5580000,0x00000000d5580000,0x00000000e6600000)
  from space 16384K, 90% used [0x00000000e6600000,0x00000000e748e558,0x00000000e7600000)
  to   space 18432K, 0% used [0x00000000ee180000,0x00000000ee180000,0x00000000ef380000)
 ParOldGen       total 52224K, used 31574K [0x0000000080000000, 0x0000000083300000, 0x00000000d5580000)
  object space 52224K, 60% used [0x0000000080000000,0x0000000081ed59f0,0x0000000083300000)
 Metaspace       used 56975K, capacity 59104K, committed 59160K, reserved 1099776K
  class space    used 7616K, capacity 8082K, committed 8112K, reserved 1048576K
Event: 93.865 GC heap after
Heap after GC invocations=14 (full 3):
 PSYoungGen      total 295424K, used 0K [0x00000000d5580000, 0x00000000ef380000, 0x0000000100000000)
  eden space 279040K, 0% used [0x00000000d5580000,0x00000000d5580000,0x00000000e6600000)
  from space 16384K, 0% used [0x00000000e6600000,0x00000000e6600000,0x00000000e7600000)
  to   space 18432K, 0% used [0x00000000ee180000,0x00000000ee180000,0x00000000ef380000)
 ParOldGen       total 82432K, used 36074K [0x0000000080000000, 0x0000000085080000, 0x00000000d5580000)
  object space 82432K, 43% used [0x0000000080000000,0x000000008233a808,0x0000000085080000)
 Metaspace       used 56913K, capacity 58946K, committed 59160K, reserved 1099776K
  class space    used 7600K, capacity 8061K, committed 8112K, reserved 1048576K
}
Event: 133.505 GC heap before
{Heap before GC invocations=15 (full 3):
 PSYoungGen      total 295424K, used 279040K [0x00000000d5580000, 0x00000000ef380000, 0x0000000100000000)
  eden space 279040K, 100% used [0x00000000d5580000,0x00000000e6600000,0x00000000e6600000)
  from space 16384K, 0% used [0x00000000e6600000,0x00000000e6600000,0x00000000e7600000)
  to   space 18432K, 0% used [0x00000000ee180000,0x00000000ee180000,0x00000000ef380000)
 ParOldGen       total 82432K, used 36074K [0x0000000080000000, 0x0000000085080000, 0x00000000d5580000)
  object space 82432K, 43% used [0x0000000080000000,0x000000008233a808,0x0000000085080000)
 Metaspace       used 70713K, capacity 73582K, committed 73776K, reserved 1112064K
  class space    used 9647K, capacity 10204K, committed 10288K, reserved 1048576K
Event: 133.658 GC heap after
Heap after GC invocations=15 (full 3):
 PSYoungGen      total 401408K, used 18415K [0x00000000d5580000, 0x00000000ef780000, 0x0000000100000000)
  eden space 382976K, 0% used [0x00000000d5580000,0x00000000d5580000,0x00000000ecb80000)
  from space 18432K, 99% used [0x00000000ee180000,0x00000000ef37be40,0x00000000ef380000)
  to   space 22528K, 0% used [0x00000000ecb80000,0x00000000ecb80000,0x00000000ee180000)
 ParOldGen       total 82432K, used 40343K [0x0000000080000000, 0x0000000085080000, 0x00000000d5580000)
  object space 82432K, 48% used [0x0000000080000000,0x0000000082765e58,0x0000000085080000)
 Metaspace       used 70713K, capacity 73582K, committed 73776K, reserved 1112064K
  class space    used 9647K, capacity 10204K, committed 10288K, reserved 1048576K
}
Event: 160.138 GC heap before
{Heap before GC invocations=16 (full 3):
 PSYoungGen      total 401408K, used 401391K [0x00000000d5580000, 0x00000000ef780000, 0x0000000100000000)
  eden space 382976K, 100% used [0x00000000d5580000,0x00000000ecb80000,0x00000000ecb80000)
  from space 18432K, 99% used [0x00000000ee180000,0x00000000ef37be40,0x00000000ef380000)
  to   space 22528K, 0% used [0x00000000ecb80000,0x00000000ecb80000,0x00000000ee180000)
 ParOldGen       total 82432K, used 40343K [0x0000000080000000, 0x0000000085080000, 0x00000000d5580000)
  object space 82432K, 48% used [0x0000000080000000,0x0000000082765e58,0x0000000085080000)
 Metaspace       used 73528K, capacity 76472K, committed 76592K, reserved 1116160K
  class space    used 9882K, capacity 10469K, committed 10544K, reserved 1048576K
Event: 160.406 GC heap after
Heap after GC invocations=16 (full 3):
 PSYoungGen      total 405504K, used 17316K [0x00000000d5580000, 0x00000000f7a80000, 0x0000000100000000)
  eden space 382976K, 0% used [0x00000000d5580000,0x00000000d5580000,0x00000000ecb80000)
  from space 22528K, 76% used [0x00000000ecb80000,0x00000000edc69378,0x00000000ee180000)
  to   space 24064K, 0% used [0x00000000f6300000,0x00000000f6300000,0x00000000f7a80000)
 ParOldGen       total 82432K, used 53424K [0x0000000080000000, 0x0000000085080000, 0x00000000d5580000)
  object space 82432K, 64% used [0x0000000080000000,0x000000008342c108,0x0000000085080000)
 Metaspace       used 73528K, capacity 76472K, committed 76592K, reserved 1116160K
  class space    used 9882K, capacity 10469K, committed 10544K, reserved 1048576K
}
Event: 356.792 GC heap before
{Heap before GC invocations=17 (full 3):
 PSYoungGen      total 405504K, used 400292K [0x00000000d5580000, 0x00000000f7a80000, 0x0000000100000000)
  eden space 382976K, 100% used [0x00000000d5580000,0x00000000ecb80000,0x00000000ecb80000)
  from space 22528K, 76% used [0x00000000ecb80000,0x00000000edc69378,0x00000000ee180000)
  to   space 24064K, 0% used [0x00000000f6300000,0x00000000f6300000,0x00000000f7a80000)
 ParOldGen       total 82432K, used 53424K [0x0000000080000000, 0x0000000085080000, 0x00000000d5580000)
  object space 82432K, 64% used [0x0000000080000000,0x000000008342c108,0x0000000085080000)
 Metaspace       used 90724K, capacity 94552K, committed 94640K, reserved 1130496K
  class space    used 11861K, capacity 12664K, committed 12720K, reserved 1048576K
Event: 357.132 GC heap after
Heap after GC invocations=17 (full 3):
 PSYoungGen      total 522752K, used 24049K [0x00000000d5580000, 0x00000000f8380000, 0x0000000100000000)
  eden space 498688K, 0% used [0x00000000d5580000,0x00000000d5580000,0x00000000f3c80000)
  from space 24064K, 99% used [0x00000000f6300000,0x00000000f7a7c7a8,0x00000000f7a80000)
  to   space 36352K, 0% used [0x00000000f3c80000,0x00000000f3c80000,0x00000000f6000000)
 ParOldGen       total 82432K, used 76072K [0x0000000080000000, 0x0000000085080000, 0x00000000d5580000)
  object space 82432K, 92% used [0x0000000080000000,0x0000000084a4a008,0x0000000085080000)
 Metaspace       used 90724K, capacity 94552K, committed 94640K, reserved 1130496K
  class space    used 11861K, capacity 12664K, committed 12720K, reserved 1048576K
}
Event: 357.133 GC heap before
{Heap before GC invocations=18 (full 4):
 PSYoungGen      total 522752K, used 24049K [0x00000000d5580000, 0x00000000f8380000, 0x0000000100000000)
  eden space 498688K, 0% used [0x00000000d5580000,0x00000000d5580000,0x00000000f3c80000)
  from space 24064K, 99% used [0x00000000f6300000,0x00000000f7a7c7a8,0x00000000f7a80000)
  to   space 36352K, 0% used [0x00000000f3c80000,0x00000000f3c80000,0x00000000f6000000)
 ParOldGen       total 82432K, used 76072K [0x0000000080000000, 0x0000000085080000, 0x00000000d5580000)
  object space 82432K, 92% used [0x0000000080000000,0x0000000084a4a008,0x0000000085080000)
 Metaspace       used 90724K, capacity 94552K, committed 94640K, reserved 1130496K
  class space    used 11861K, capacity 12664K, committed 12720K, reserved 1048576K
Event: 358.756 GC heap after
Heap after GC invocations=18 (full 4):
 PSYoungGen      total 522752K, used 0K [0x00000000d5580000, 0x00000000f8380000, 0x0000000100000000)
  eden space 498688K, 0% used [0x00000000d5580000,0x00000000d5580000,0x00000000f3c80000)
  from space 24064K, 0% used [0x00000000f6300000,0x00000000f6300000,0x00000000f7a80000)
  to   space 36352K, 0% used [0x00000000f3c80000,0x00000000f3c80000,0x00000000f6000000)
 ParOldGen       total 148992K, used 82228K [0x0000000080000000, 0x0000000089180000, 0x00000000d5580000)
  object space 148992K, 55% used [0x0000000080000000,0x000000008504d250,0x0000000089180000)
 Metaspace       used 90628K, capacity 94270K, committed 94640K, reserved 1130496K
  class space    used 11829K, capacity 12607K, committed 12720K, reserved 1048576K
}

